Determining if the pthread_create exist failed with the following output:
Change Dir: /home/mvitanov/Desktop/phase4/phase3/CMakeFiles/CMakeTmp

Run Build Command:"/usr/bin/make" "cmTC_e840a/fast"
/usr/bin/make -f CMakeFiles/cmTC_e840a.dir/build.make CMakeFiles/cmTC_e840a.dir/build
make[1]: Entering directory '/home/mvitanov/Desktop/phase4/phase3/CMakeFiles/CMakeTmp'
Building C object CMakeFiles/cmTC_e840a.dir/CheckSymbolExists.c.o
/usr/bin/gcc   -g -O0 -std=c++11 -Wall -W -fprofile-arcs -ftest-coverage    -o CMakeFiles/cmTC_e840a.dir/CheckSymbolExists.c.o   -c /home/mvitanov/Desktop/phase4/phase3/CMakeFiles/CMakeTmp/CheckSymbolExists.c
cc1: warning: command line option ‘-std=c++11’ is valid for C++/ObjC++ but not for C
Linking C executable cmTC_e840a
/usr/bin/cmake -E cmake_link_script CMakeFiles/cmTC_e840a.dir/link.txt --verbose=1
/usr/bin/gcc -g -O0 -std=c++11 -Wall -W -fprofile-arcs -ftest-coverage     -rdynamic CMakeFiles/cmTC_e840a.dir/CheckSymbolExists.c.o  -o cmTC_e840a 
CMakeFiles/cmTC_e840a.dir/CheckSymbolExists.c.o: In function `main':
/home/mvitanov/Desktop/phase4/phase3/CMakeFiles/CMakeTmp/CheckSymbolExists.c:8: undefined reference to `pthread_create'
collect2: error: ld returned 1 exit status
CMakeFiles/cmTC_e840a.dir/build.make:97: recipe for target 'cmTC_e840a' failed
make[1]: *** [cmTC_e840a] Error 1
make[1]: Leaving directory '/home/mvitanov/Desktop/phase4/phase3/CMakeFiles/CMakeTmp'
Makefile:126: recipe for target 'cmTC_e840a/fast' failed
make: *** [cmTC_e840a/fast] Error 2

File /home/mvitanov/Desktop/phase4/phase3/CMakeFiles/CMakeTmp/CheckSymbolExists.c:
/* */
#include <pthread.h>

int main(int argc, char** argv)
{
  (void)argv;
#ifndef pthread_create
  return ((int*)(&pthread_create))[argc];
#else
  (void)argc;
  return 0;
#endif
}

Determining if the function pthread_create exists in the pthreads failed with the following output:
Change Dir: /home/mvitanov/Desktop/phase4/phase3/CMakeFiles/CMakeTmp

Run Build Command:"/usr/bin/make" "cmTC_db8a1/fast"
/usr/bin/make -f CMakeFiles/cmTC_db8a1.dir/build.make CMakeFiles/cmTC_db8a1.dir/build
make[1]: Entering directory '/home/mvitanov/Desktop/phase4/phase3/CMakeFiles/CMakeTmp'
Building C object CMakeFiles/cmTC_db8a1.dir/CheckFunctionExists.c.o
/usr/bin/gcc   -g -O0 -std=c++11 -Wall -W -fprofile-arcs -ftest-coverage -DCHECK_FUNCTION_EXISTS=pthread_create   -o CMakeFiles/cmTC_db8a1.dir/CheckFunctionExists.c.o   -c /usr/share/cmake-3.9/Modules/CheckFunctionExists.c
cc1: warning: command line option ‘-std=c++11’ is valid for C++/ObjC++ but not for C
Linking C executable cmTC_db8a1
/usr/bin/cmake -E cmake_link_script CMakeFiles/cmTC_db8a1.dir/link.txt --verbose=1
/usr/bin/gcc -g -O0 -std=c++11 -Wall -W -fprofile-arcs -ftest-coverage -DCHECK_FUNCTION_EXISTS=pthread_create    -rdynamic CMakeFiles/cmTC_db8a1.dir/CheckFunctionExists.c.o  -o cmTC_db8a1 -lpthreads 
/usr/bin/ld: cannot find -lpthreads
collect2: error: ld returned 1 exit status
CMakeFiles/cmTC_db8a1.dir/build.make:97: recipe for target 'cmTC_db8a1' failed
make[1]: *** [cmTC_db8a1] Error 1
make[1]: Leaving directory '/home/mvitanov/Desktop/phase4/phase3/CMakeFiles/CMakeTmp'
Makefile:126: recipe for target 'cmTC_db8a1/fast' failed
make: *** [cmTC_db8a1/fast] Error 2


